============================= test session starts ==============================
platform darwin -- Python 3.12.14, pytest-9.1.1, pluggy-1.6.0 -- /Users/pauladu/edlo/.venv/bin/python
cachedir: .pytest_cache
rootdir: /Users/pauladu/edlo
plugins: anyio-4.15.0
collecting ... collected 1 item

tests/test_health.py::test_health PASSED                                 [100%]

=============================== warnings summary ===============================
.venv/lib/python3.12/site-packages/starlette/testclient.py:53
  /Users/pauladu/edlo/.venv/lib/python3.12/site-packages/starlette/testclient.py:53: DeprecationWarning: The anyio.abc.BlockingPortal alias is deprecated, use anyio.from_thread.BlockingPortal instead.
    _PortalFactoryType = Callable[[], AbstractContextManager[anyio.abc.BlockingPortal]]

-- Docs: https://docs.pytest.org/en/stable/how-to/capture-warnings.html
========================= 1 passed, 1 warning in 0.93s =========================
