============================= test session starts ==============================
platform darwin -- Python 3.12.14, pytest-9.1.1, pluggy-1.6.0
rootdir: /Users/pauladu/edlo
configfile: pyproject.toml
plugins: asyncio-1.4.0, anyio-4.15.0
asyncio: mode=Mode.STRICT, debug=False, asyncio_default_fixture_loop_scope=None, asyncio_default_test_loop_scope=function
collected 1 item

tests/test_db.py .                                                       [100%]

============================== 1 passed in 0.68s ===============================
